#
# There is insufficient memory for the Java Runtime Environment to continue.
# Native memory allocation (mmap) failed to map 8522825728 bytes for committing reserved memory.
# Possible reasons:
#   The system is out of physical RAM or swap space
#   The process is running with CompressedOops enabled, and the Java Heap may be blocking the growth of the native heap
# Possible solutions:
#   Reduce memory load on the system
#   Increase physical memory or swap space
#   Check if swap backing store is full
#   Decrease Java heap size (-Xmx/-Xms)
#   Decrease number of Java threads
#   Decrease Java thread stack sizes (-Xss)
#   Set larger code cache with -XX:ReservedCodeCacheSize=
# This output file may be truncated or incomplete.
#
#  Out of Memory Error (os_linux.cpp:2922), pid=3436, tid=3437
#
# JRE version:  (11.0.10+9) (build )
# Java VM: OpenJDK 64-Bit Server VM (11.0.10+9-Ubuntu-0ubuntu1.20.04, mixed mode, sharing, tiered, compressed oops, g1 gc, linux-amd64)
# Core dump will be written. Default location: Core dumps may be processed with "/usr/share/apport/apport %p %s %c %d %P %E" (or dumping to /home/ubuntu/maicra/core.3436)
#

---------------  S U M M A R Y ------------

Command Line: -Xmx8128M -Xms8128M fabric-server-launch.jar nogui

Host: Intel(R) Xeon(R) CPU E5-2686 v4 @ 2.30GHz, 2 cores, 7G, Ubuntu 20.04.2 LTS
Time: Fri Mar 12 15:47:37 2021 UTC elapsed time: 0.003589 seconds (0d 0h 0m 0s)

---------------  T H R E A D  ---------------

Current thread (0x00007f541c016000):  JavaThread "Unknown thread" [_thread_in_vm, id=3437, stack(0x00007f54206dd000,0x00007f54207de000)]

Stack: [0x00007f54206dd000,0x00007f54207de000],  sp=0x00007f54207dc240,  free space=1020k
Native frames: (J=compiled Java code, A=aot compiled Java code, j=interpreted, Vv=VM code, C=native code)
V  [libjvm.so+0xe850ba]
V  [libjvm.so+0xe85da1]
V  [libjvm.so+0x66ac4a]
V  [libjvm.so+0xbd0a90]
V  [libjvm.so+0xbc72f1]
V  [libjvm.so+0x780092]
V  [libjvm.so+0x780480]
V  [libjvm.so+0x78b6d7]
V  [libjvm.so+0x80a4f8]
V  [libjvm.so+0x80b118]
V  [libjvm.so+0x80b74e]
V  [libjvm.so+0x739666]
V  [libjvm.so+0x739d72]
V  [libjvm.so+0xe43d96]
V  [libjvm.so+0xe4405a]
V  [libjvm.so+0x82999c]
V  [libjvm.so+0xe1be2b]
V  [libjvm.so+0x8dc885]  JNI_CreateJavaVM+0x55
C  [libjli.so+0x4daf]
C  [libjli.so+0x9ce1]


---------------  P R O C E S S  ---------------

Threads class SMR info:
_java_thread_list=0x000055c198b86330, length=0, elements={
}

Java Threads: ( => current thread )

Other Threads:
  0x00007f541c02d800 GCTaskThread "GC Thread#0" [stack: 0x00007f5420381000,0x00007f5420481000] [id=3438]
  0x00007f541c068800 ConcurrentGCThread "G1 Main Marker" [stack: 0x00007f5404791000,0x00007f5404891000] [id=3439]
  0x00007f541c06a000 ConcurrentGCThread "G1 Conc#0" [stack: 0x00007f540468f000,0x00007f540478f000] [id=3440]

[error occurred during error reporting (printing all threads), id 0xb, SIGSEGV (0xb) at pc=0x00007f542127ff54]

VM state:not at safepoint (not fully initialized)

VM Mutex/Monitor currently owned by a thread:  ([mutex/lock_event])
[0x00007f541c013260] Heap_lock - owner thread: 0x00007f541c016000

Heap address: 0x0000000604000000, size: 8128 MB, Compressed Oops mode: Non-zero based: 0x0000000604000000
Narrow klass base: 0x0000000000000000, Narrow klass shift: 0

GC Heap History (0 events):
No events

Deoptimization events (0 events):
No events

Classes redefined (0 events):
No events

Internal exceptions (0 events):
No events

Events (2 events):
Event: 0.001 Protecting memory [0x00007f54206dd000,0x00007f54206e1000] with protection modes 0
Event: 0.002 Loaded shared library /usr/lib/jvm/java-11-openjdk-amd64/lib/libzip.so


Dynamic libraries:
55c198b3e000-55c198b3f000 r--p 00000000 ca:01 256913                     /usr/lib/jvm/java-11-openjdk-amd64/bin/java
55c198b3f000-55c198b40000 r-xp 00001000 ca:01 256913                     /usr/lib/jvm/java-11-openjdk-amd64/bin/java
55c198b40000-55c198b41000 r--p 00002000 ca:01 256913                     /usr/lib/jvm/java-11-openjdk-amd64/bin/java
55c198b41000-55c198b42000 r--p 00002000 ca:01 256913                     /usr/lib/jvm/java-11-openjdk-amd64/bin/java
55c198b42000-55c198b43000 rw-p 00003000 ca:01 256913                     /usr/lib/jvm/java-11-openjdk-amd64/bin/java
55c198b6e000-55c198b8f000 rw-p 00000000 00:00 0                          [heap]
7f53e0000000-7f53e0021000 rw-p 00000000 00:00 0 
7f53e0021000-7f53e4000000 ---p 00000000 00:00 0 
7f53e6000000-7f53e8000000 rw-p 00000000 00:00 0 
7f53e8000000-7f53e8021000 rw-p 00000000 00:00 0 
7f53e8021000-7f53ec000000 ---p 00000000 00:00 0 
7f53ed260000-7f5400000000 ---p 00000000 00:00 0 
7f5400000000-7f5400021000 rw-p 00000000 00:00 0 
7f5400021000-7f5404000000 ---p 00000000 00:00 0 
7f540448b000-7f540468d000 rw-p 00000000 00:00 0 
7f540468d000-7f540468e000 ---p 00000000 00:00 0 
7f540468e000-7f540478f000 rw-p 00000000 00:00 0 
7f540478f000-7f5404790000 ---p 00000000 00:00 0 
7f5404790000-7f5404891000 rw-p 00000000 00:00 0 
7f5404891000-7f5404b01000 rwxp 00000000 00:00 0 
7f5404b01000-7f5404e20000 ---p 00000000 00:00 0 
7f5404e20000-7f5405090000 rwxp 00000000 00:00 0 
7f5405090000-7f540c358000 ---p 00000000 00:00 0 
7f540c358000-7f540c5c8000 rwxp 00000000 00:00 0 
7f540c5c8000-7f5413891000 ---p 00000000 00:00 0 
7f5413891000-7f541c000000 r--s 00000000 ca:01 257075                     /usr/lib/jvm/java-11-openjdk-amd64/lib/modules
7f541c000000-7f541c07d000 rw-p 00000000 00:00 0 
7f541c07d000-7f5420000000 ---p 00000000 00:00 0 
7f54200b6000-7f542037f000 rw-p 00000000 00:00 0 
7f542037f000-7f5420380000 ---p 00000000 00:00 0 
7f5420380000-7f5420486000 rw-p 00000000 00:00 0 
7f5420486000-7f542056c000 ---p 00000000 00:00 0 
7f542056c000-7f5420571000 rw-p 00000000 00:00 0 
7f5420571000-7f5420657000 ---p 00000000 00:00 0 
7f5420657000-7f542065c000 rw-p 00000000 00:00 0 
7f542065c000-7f5420663000 ---p 00000000 00:00 0 
7f5420663000-7f5420665000 r--p 00000000 ca:01 257074                     /usr/lib/jvm/java-11-openjdk-amd64/lib/libzip.so
7f5420665000-7f5420669000 r-xp 00002000 ca:01 257074                     /usr/lib/jvm/java-11-openjdk-amd64/lib/libzip.so
7f5420669000-7f542066b000 r--p 00006000 ca:01 257074                     /usr/lib/jvm/java-11-openjdk-amd64/lib/libzip.so
7f542066b000-7f542066c000 r--p 00007000 ca:01 257074                     /usr/lib/jvm/java-11-openjdk-amd64/lib/libzip.so
7f542066c000-7f542066d000 rw-p 00008000 ca:01 257074                     /usr/lib/jvm/java-11-openjdk-amd64/lib/libzip.so
7f542066d000-7f5420670000 r--p 00000000 ca:01 4636                       /usr/lib/x86_64-linux-gnu/libnss_files-2.31.so
7f5420670000-7f5420677000 r-xp 00003000 ca:01 4636                       /usr/lib/x86_64-linux-gnu/libnss_files-2.31.so
7f5420677000-7f5420679000 r--p 0000a000 ca:01 4636                       /usr/lib/x86_64-linux-gnu/libnss_files-2.31.so
7f5420679000-7f542067a000 r--p 0000b000 ca:01 4636                       /usr/lib/x86_64-linux-gnu/libnss_files-2.31.so
7f542067a000-7f542067b000 rw-p 0000c000 ca:01 4636                       /usr/lib/x86_64-linux-gnu/libnss_files-2.31.so
7f542067b000-7f5420681000 rw-p 00000000 00:00 0 
7f5420681000-7f5420689000 rw-s 00000000 ca:01 256601                     /tmp/hsperfdata_ubuntu/3436
7f5420689000-7f542068b000 r--p 00000000 ca:01 257057                     /usr/lib/jvm/java-11-openjdk-amd64/lib/libjimage.so
7f542068b000-7f542068e000 r-xp 00002000 ca:01 257057                     /usr/lib/jvm/java-11-openjdk-amd64/lib/libjimage.so
7f542068e000-7f542068f000 r--p 00005000 ca:01 257057                     /usr/lib/jvm/java-11-openjdk-amd64/lib/libjimage.so
7f542068f000-7f5420690000 ---p 00006000 ca:01 257057                     /usr/lib/jvm/java-11-openjdk-amd64/lib/libjimage.so
7f5420690000-7f5420691000 r--p 00006000 ca:01 257057                     /usr/lib/jvm/java-11-openjdk-amd64/lib/libjimage.so
7f5420691000-7f5420692000 rw-p 00007000 ca:01 257057                     /usr/lib/jvm/java-11-openjdk-amd64/lib/libjimage.so
7f5420692000-7f54206a0000 r--p 00000000 ca:01 257053                     /usr/lib/jvm/java-11-openjdk-amd64/lib/libjava.so
7f54206a0000-7f54206b6000 r-xp 0000e000 ca:01 257053                     /usr/lib/jvm/java-11-openjdk-amd64/lib/libjava.so
7f54206b6000-7f54206bd000 r--p 00024000 ca:01 257053                     /usr/lib/jvm/java-11-openjdk-amd64/lib/libjava.so
7f54206bd000-7f54206be000 r--p 0002a000 ca:01 257053                     /usr/lib/jvm/java-11-openjdk-amd64/lib/libjava.so
7f54206be000-7f54206bf000 rw-p 0002b000 ca:01 257053                     /usr/lib/jvm/java-11-openjdk-amd64/lib/libjava.so
7f54206bf000-7f54206c0000 rw-p 00000000 00:00 0 
7f54206c0000-7f54206c5000 r--p 00000000 ca:01 257073                     /usr/lib/jvm/java-11-openjdk-amd64/lib/libverify.so
7f54206c5000-7f54206cc000 r-xp 00005000 ca:01 257073                     /usr/lib/jvm/java-11-openjdk-amd64/lib/libverify.so
7f54206cc000-7f54206ce000 r--p 0000c000 ca:01 257073                     /usr/lib/jvm/java-11-openjdk-amd64/lib/libverify.so
7f54206ce000-7f54206cf000 ---p 0000e000 ca:01 257073                     /usr/lib/jvm/java-11-openjdk-amd64/lib/libverify.so
7f54206cf000-7f54206d1000 r--p 0000e000 ca:01 257073                     /usr/lib/jvm/java-11-openjdk-amd64/lib/libverify.so
7f54206d1000-7f54206d2000 rw-p 00010000 ca:01 257073                     /usr/lib/jvm/java-11-openjdk-amd64/lib/libverify.so
7f54206d2000-7f54206d5000 r--p 00000000 ca:01 4643                       /usr/lib/x86_64-linux-gnu/librt-2.31.so
7f54206d5000-7f54206d9000 r-xp 00003000 ca:01 4643                       /usr/lib/x86_64-linux-gnu/librt-2.31.so
7f54206d9000-7f54206da000 r--p 00007000 ca:01 4643                       /usr/lib/x86_64-linux-gnu/librt-2.31.so
7f54206da000-7f54206db000 ---p 00008000 ca:01 4643                       /usr/lib/x86_64-linux-gnu/librt-2.31.so
7f54206db000-7f54206dc000 r--p 00008000 ca:01 4643                       /usr/lib/x86_64-linux-gnu/librt-2.31.so
7f54206dc000-7f54206dd000 rw-p 00009000 ca:01 4643                       /usr/lib/x86_64-linux-gnu/librt-2.31.so
7f54206dd000-7f54206e1000 ---p 00000000 00:00 0 
7f54206e1000-7f54207de000 rw-p 00000000 00:00 0 
7f54207de000-7f54207e1000 r--p 00000000 ca:01 4622                       /usr/lib/x86_64-linux-gnu/libgcc_s.so.1
7f54207e1000-7f54207f3000 r-xp 00003000 ca:01 4622                       /usr/lib/x86_64-linux-gnu/libgcc_s.so.1
7f54207f3000-7f54207f7000 r--p 00015000 ca:01 4622                       /usr/lib/x86_64-linux-gnu/libgcc_s.so.1
7f54207f7000-7f54207f8000 r--p 00018000 ca:01 4622                       /usr/lib/x86_64-linux-gnu/libgcc_s.so.1
7f54207f8000-7f54207f9000 rw-p 00019000 ca:01 4622                       /usr/lib/x86_64-linux-gnu/libgcc_s.so.1
7f54207f9000-7f5420808000 r--p 00000000 ca:01 4630                       /usr/lib/x86_64-linux-gnu/libm-2.31.so
7f5420808000-7f54208af000 r-xp 0000f000 ca:01 4630                       /usr/lib/x86_64-linux-gnu/libm-2.31.so
7f54208af000-7f5420946000 r--p 000b6000 ca:01 4630                       /usr/lib/x86_64-linux-gnu/libm-2.31.so
7f5420946000-7f5420947000 r--p 0014c000 ca:01 4630                       /usr/lib/x86_64-linux-gnu/libm-2.31.so
7f5420947000-7f5420948000 rw-p 0014d000 ca:01 4630                       /usr/lib/x86_64-linux-gnu/libm-2.31.so
7f5420948000-7f54209de000 r--p 00000000 ca:01 4621                       /usr/lib/x86_64-linux-gnu/libstdc++.so.6.0.28
7f54209de000-7f5420ace000 r-xp 00096000 ca:01 4621                       /usr/lib/x86_64-linux-gnu/libstdc++.so.6.0.28
7f5420ace000-7f5420b17000 r--p 00186000 ca:01 4621                       /usr/lib/x86_64-linux-gnu/libstdc++.so.6.0.28
7f5420b17000-7f5420b18000 ---p 001cf000 ca:01 4621                       /usr/lib/x86_64-linux-gnu/libstdc++.so.6.0.28
7f5420b18000-7f5420b23000 r--p 001cf000 ca:01 4621                       /usr/lib/x86_64-linux-gnu/libstdc++.so.6.0.28
7f5420b23000-7f5420b26000 rw-p 001da000 ca:01 4621                       /usr/lib/x86_64-linux-gnu/libstdc++.so.6.0.28
7f5420b26000-7f5420b29000 rw-p 00000000 00:00 0 
7f5420b29000-7f5420da2000 r--p 00000000 ca:01 257080                     /usr/lib/jvm/java-11-openjdk-amd64/lib/server/libjvm.so
7f5420da2000-7f5421a23000 r-xp 00279000 ca:01 257080                     /usr/lib/jvm/java-11-openjdk-amd64/lib/server/libjvm.so
7f5421a23000-7f5421c79000 r--p 00efa000 ca:01 257080                     /usr/lib/jvm/java-11-openjdk-amd64/lib/server/libjvm.so
7f5421c79000-7f5421c7a000 ---p 01150000 ca:01 257080                     /usr/lib/jvm/java-11-openjdk-amd64/lib/server/libjvm.so
7f5421c7a000-7f5421d3b000 r--p 01150000 ca:01 257080                     /usr/lib/jvm/java-11-openjdk-amd64/lib/server/libjvm.so
7f5421d3b000-7f5421d76000 rw-p 01211000 ca:01 257080                     /usr/lib/jvm/java-11-openjdk-amd64/lib/server/libjvm.so
7f5421d76000-7f5421dcf000 rw-p 00000000 00:00 0 
7f5421dcf000-7f5421dd6000 r--p 00000000 ca:01 4641                       /usr/lib/x86_64-linux-gnu/libpthread-2.31.so
7f5421dd6000-7f5421de7000 r-xp 00007000 ca:01 4641                       /usr/lib/x86_64-linux-gnu/libpthread-2.31.so
7f5421de7000-7f5421dec000 r--p 00018000 ca:01 4641                       /usr/lib/x86_64-linux-gnu/libpthread-2.31.so
7f5421dec000-7f5421ded000 r--p 0001c000 ca:01 4641                       /usr/lib/x86_64-linux-gnu/libpthread-2.31.so
7f5421ded000-7f5421dee000 rw-p 0001d000 ca:01 4641                       /usr/lib/x86_64-linux-gnu/libpthread-2.31.so
7f5421dee000-7f5421df2000 rw-p 00000000 00:00 0 
7f5421df2000-7f5421df3000 r--p 00000000 ca:01 4629                       /usr/lib/x86_64-linux-gnu/libdl-2.31.so
7f5421df3000-7f5421df5000 r-xp 00001000 ca:01 4629                       /usr/lib/x86_64-linux-gnu/libdl-2.31.so
7f5421df5000-7f5421df6000 r--p 00003000 ca:01 4629                       /usr/lib/x86_64-linux-gnu/libdl-2.31.so
7f5421df6000-7f5421df7000 r--p 00003000 ca:01 4629                       /usr/lib/x86_64-linux-gnu/libdl-2.31.so
7f5421df7000-7f5421df8000 rw-p 00004000 ca:01 4629                       /usr/lib/x86_64-linux-gnu/libdl-2.31.so
7f5421df8000-7f5421dfa000 r--p 00000000 ca:01 3781                       /usr/lib/x86_64-linux-gnu/libz.so.1.2.11
7f5421dfa000-7f5421e0b000 r-xp 00002000 ca:01 3781                       /usr/lib/x86_64-linux-gnu/libz.so.1.2.11
7f5421e0b000-7f5421e11000 r--p 00013000 ca:01 3781                       /usr/lib/x86_64-linux-gnu/libz.so.1.2.11
7f5421e11000-7f5421e12000 ---p 00019000 ca:01 3781                       /usr/lib/x86_64-linux-gnu/libz.so.1.2.11
7f5421e12000-7f5421e13000 r--p 00019000 ca:01 3781                       /usr/lib/x86_64-linux-gnu/libz.so.1.2.11
7f5421e13000-7f5421e14000 rw-p 0001a000 ca:01 3781                       /usr/lib/x86_64-linux-gnu/libz.so.1.2.11
7f5421e14000-7f5421e39000 r--p 00000000 ca:01 4628                       /usr/lib/x86_64-linux-gnu/libc-2.31.so
7f5421e39000-7f5421fb1000 r-xp 00025000 ca:01 4628                       /usr/lib/x86_64-linux-gnu/libc-2.31.so
7f5421fb1000-7f5421ffb000 r--p 0019d000 ca:01 4628                       /usr/lib/x86_64-linux-gnu/libc-2.31.so
7f5421ffb000-7f5421ffc000 ---p 001e7000 ca:01 4628                       /usr/lib/x86_64-linux-gnu/libc-2.31.so
7f5421ffc000-7f5421fff000 r--p 001e7000 ca:01 4628                       /usr/lib/x86_64-linux-gnu/libc-2.31.so
7f5421fff000-7f5422002000 rw-p 001ea000 ca:01 4628                       /usr/lib/x86_64-linux-gnu/libc-2.31.so
7f5422002000-7f5422006000 rw-p 00000000 00:00 0 
7f542200a000-7f542200c000 r--s 0000c000 ca:01 61591                      /usr/share/java/java-atk-wrapper.jar
7f542200c000-7f542200d000 ---p 00000000 00:00 0 
7f542200d000-7f542200e000 r--p 00000000 00:00 0 
7f542200e000-7f5422011000 r--p 00000000 ca:01 257037                     /usr/lib/jvm/java-11-openjdk-amd64/lib/jli/libjli.so
7f5422011000-7f542201b000 r-xp 00003000 ca:01 257037                     /usr/lib/jvm/java-11-openjdk-amd64/lib/jli/libjli.so
7f542201b000-7f542201e000 r--p 0000d000 ca:01 257037                     /usr/lib/jvm/java-11-openjdk-amd64/lib/jli/libjli.so
7f542201e000-7f542201f000 ---p 00010000 ca:01 257037                     /usr/lib/jvm/java-11-openjdk-amd64/lib/jli/libjli.so
7f542201f000-7f5422020000 r--p 00010000 ca:01 257037                     /usr/lib/jvm/java-11-openjdk-amd64/lib/jli/libjli.so
7f5422020000-7f5422021000 rw-p 00011000 ca:01 257037                     /usr/lib/jvm/java-11-openjdk-amd64/lib/jli/libjli.so
7f5422021000-7f5422023000 rw-p 00000000 00:00 0 
7f5422023000-7f5422024000 r--p 00000000 ca:01 4624                       /usr/lib/x86_64-linux-gnu/ld-2.31.so
7f5422024000-7f5422047000 r-xp 00001000 ca:01 4624                       /usr/lib/x86_64-linux-gnu/ld-2.31.so
7f5422047000-7f542204f000 r--p 00024000 ca:01 4624                       /usr/lib/x86_64-linux-gnu/ld-2.31.so
7f5422050000-7f5422051000 r--p 0002c000 ca:01 4624                       /usr/lib/x86_64-linux-gnu/ld-2.31.so
7f5422051000-7f5422052000 rw-p 0002d000 ca:01 4624                       /usr/lib/x86_64-linux-gnu/ld-2.31.so
7f5422052000-7f5422053000 rw-p 00000000 00:00 0 
7fffd839c000-7fffd83bd000 rw-p 00000000 00:00 0                          [stack]
7fffd83f1000-7fffd83f4000 r--p 00000000 00:00 0                          [vvar]
7fffd83f4000-7fffd83f5000 r-xp 00000000 00:00 0                          [vdso]
ffffffffff600000-ffffffffff601000 --xp 00000000 00:00 0                  [vsyscall]


VM Arguments:
jvm_args: -Xmx8128M -Xms8128M 
java_command: fabric-server-launch.jar nogui
java_class_path (initial): fabric-server-launch.jar
Launcher Type: SUN_STANDARD

[Global flags]
     intx CICompilerCount                          = 2                                         {product} {ergonomic}
     uint ConcGCThreads                            = 1                                         {product} {ergonomic}
     uint G1ConcRefinementThreads                  = 2                                         {product} {ergonomic}
   size_t G1HeapRegionSize                         = 2097152                                   {product} {ergonomic}
    uintx GCDrainStackTargetSize                   = 64                                        {product} {ergonomic}
   size_t InitialHeapSize                          = 8522825728                                {product} {command line}
   size_t MarkStackSize                            = 4194304                                   {product} {ergonomic}
   size_t MaxHeapSize                              = 8522825728                                {product} {command line}
   size_t MinHeapDeltaBytes                        = 2097152                                   {product} {ergonomic}
    uintx NonNMethodCodeHeapSize                   = 5825164                                {pd product} {ergonomic}
    uintx NonProfiledCodeHeapSize                  = 122916538                              {pd product} {ergonomic}
    uintx ProfiledCodeHeapSize                     = 122916538                              {pd product} {ergonomic}
    uintx ReservedCodeCacheSize                    = 251658240                              {pd product} {ergonomic}
     bool SegmentedCodeCache                       = true                                      {product} {ergonomic}
     bool UseCompressedClassPointers               = true                                 {lp64_product} {ergonomic}
     bool UseCompressedOops                        = true                                 {lp64_product} {ergonomic}
     bool UseG1GC                                  = true                                      {product} {ergonomic}

Logging:
Log output configuration:
 #0: stdout all=warning uptime,level,tags
 #1: stderr all=off uptime,level,tags

Environment Variables:
PATH=/usr/local/sbin:/usr/local/bin:/usr/sbin:/usr/bin:/sbin:/bin:/usr/games:/usr/local/games:/snap/bin
SHELL=/bin/bash
LANG=C.UTF-8

Signal Handlers:
SIGSEGV: [libjvm.so+0xe85e00], sa_mask[0]=11111111011111111101111111111110, sa_flags=SA_RESTART|SA_SIGINFO
SIGBUS: [libjvm.so+0xe85e00], sa_mask[0]=11111111011111111101111111111110, sa_flags=SA_RESTART|SA_SIGINFO
SIGFPE: [libjvm.so+0xe85e00], sa_mask[0]=11111111011111111101111111111110, sa_flags=SA_RESTART|SA_SIGINFO
SIGPIPE: [libjvm.so+0xbcbc30], sa_mask[0]=11111111011111111101111111111110, sa_flags=SA_RESTART|SA_SIGINFO
SIGXFSZ: [libjvm.so+0xbcbc30], sa_mask[0]=11111111011111111101111111111110, sa_flags=SA_RESTART|SA_SIGINFO
SIGILL: [libjvm.so+0xe85e00], sa_mask[0]=11111111011111111101111111111110, sa_flags=SA_RESTART|SA_SIGINFO
SIGUSR2: [libjvm.so+0xbcbad0], sa_mask[0]=00000000000000000000000000000000, sa_flags=SA_RESTART|SA_SIGINFO
SIGHUP: SIG_DFL, sa_mask[0]=00000000000000000000000000000000, sa_flags=none
SIGINT: SIG_DFL, sa_mask[0]=00000000000000000000000000000000, sa_flags=none
SIGTERM: SIG_DFL, sa_mask[0]=00000000000000000000000000000000, sa_flags=none
SIGQUIT: SIG_DFL, sa_mask[0]=00000000000000000000000000000000, sa_flags=none


---------------  S Y S T E M  ---------------

OS:DISTRIB_ID=Ubuntu
DISTRIB_RELEASE=20.04
DISTRIB_CODENAME=focal
DISTRIB_DESCRIPTION="Ubuntu 20.04.2 LTS"
uname:Linux 5.4.0-1038-aws #40-Ubuntu SMP Fri Feb 5 23:50:40 UTC 2021 x86_64
OS uptime: 0 days 0:05 hours
libc:glibc 2.31 NPTL 2.31 
rlimit (soft/hard): STACK 8192k/infinity , CORE 0k/infinity , NPROC 31793/31793 , NOFILE 1048576/1048576 , AS infinity/infinity , CPU infinity/infinity , DATA infinity/infinity , FSIZE infinity/infinity , MEMLOCK 65536k/65536k
load average:0.64 0.34 0.16

/proc/meminfo:
MemTotal:        8150800 kB
MemFree:         6494992 kB
MemAvailable:    7704320 kB
Buffers:           47864 kB
Cached:          1347244 kB
SwapCached:            0 kB
Active:           351112 kB
Inactive:        1127780 kB
Active(anon):      88780 kB
Inactive(anon):      156 kB
Active(file):     262332 kB
Inactive(file):  1127624 kB
Unevictable:       21940 kB
Mlocked:           18528 kB
SwapTotal:             0 kB
SwapFree:              0 kB
Dirty:             24416 kB
Writeback:             0 kB
AnonPages:        105788 kB
Mapped:           105612 kB
Shmem:               792 kB
KReclaimable:      75236 kB
Slab:             128432 kB
SReclaimable:      75236 kB
SUnreclaim:        53196 kB
KernelStack:        2624 kB
PageTables:         2016 kB
NFS_Unstable:          0 kB
Bounce:                0 kB
WritebackTmp:          0 kB
CommitLimit:     4075400 kB
Committed_AS:     867732 kB
VmallocTotal:   34359738367 kB
VmallocUsed:        6060 kB
VmallocChunk:          0 kB
Percpu:            12096 kB
HardwareCorrupted:     0 kB
AnonHugePages:         0 kB
ShmemHugePages:        0 kB
ShmemPmdMapped:        0 kB
FileHugePages:         0 kB
FilePmdMapped:         0 kB
CmaTotal:              0 kB
CmaFree:               0 kB
HugePages_Total:       0
HugePages_Free:        0
HugePages_Rsvd:        0
HugePages_Surp:        0
Hugepagesize:       2048 kB
Hugetlb:               0 kB
DirectMap4k:       92160 kB
DirectMap2M:     8296448 kB

/sys/kernel/mm/transparent_hugepage/enabled:
always [madvise] never
/sys/kernel/mm/transparent_hugepage/defrag (defrag/compaction efforts parameter):
always defer defer+madvise [madvise] never

/proc/sys/kernel/threads-max (system-wide limit on the number of threads):
63586
/proc/sys/vm/max_map_count (maximum number of memory map areas a process may have):
65530
/proc/sys/kernel/pid_max (system-wide limit on number of process identifiers):
4194304

container (cgroup) information:
container_type: cgroupv1
cpu_cpuset_cpus: 0-1
cpu_memory_nodes: 0
active_processor_count: 2
cpu_quota: -1
cpu_period: 100000
cpu_shares: -1
memory_limit_in_bytes: -1
memory_and_swap_limit_in_bytes: -2
memory_soft_limit_in_bytes: -1
memory_usage_in_bytes: 1182687232
memory_max_usage_in_bytes: 1294098432

Xen hardware-assisted virtualization detected
Steal ticks since vm start: 0
Steal ticks percentage since vm start:  0.000

CPU:total 2 (initial active 2) (2 cores per cpu, 1 threads per core) family 6 model 79 stepping 1 microcode 0xb000038, cmov, cx8, fxsr, mmx, sse, sse2, sse3, ssse3, sse4.1, sse4.2, popcnt, avx, avx2, aes, clmul, erms, lzcnt, tsc, bmi1, bmi2, fma
CPU Model and flags from /proc/cpuinfo:
model name	: Intel(R) Xeon(R) CPU E5-2686 v4 @ 2.30GHz
flags		: fpu vme de pse tsc msr pae mce cx8 apic sep mtrr pge mca cmov pat pse36 clflush mmx fxsr sse sse2 ht syscall nx rdtscp lm constant_tsc rep_good nopl xtopology cpuid pni pclmulqdq ssse3 fma cx16 pcid sse4_1 sse4_2 x2apic movbe popcnt tsc_deadline_timer aes xsave avx f16c rdrand hypervisor lahf_lm abm cpuid_fault invpcid_single pti fsgsbase bmi1 avx2 smep bmi2 erms invpcid xsaveopt
Online cpus:
0-1
Offline cpus:
2-14
BIOS frequency limitation:
<Not Available>
Frequency switch latency (ns):
<Not Available>
Available cpu frequencies:
<Not Available>
Current governor:
<Not Available>
Core performance/turbo boost:
<Not Available>

Memory: 4k page, physical 8150800k(6494992k free), swap 0k(0k free)

vm_info: OpenJDK 64-Bit Server VM (11.0.10+9-Ubuntu-0ubuntu1.20.04) for linux-amd64 JRE (11.0.10+9-Ubuntu-0ubuntu1.20.04), built on Jan 20 2021 02:32:18 by "unknown" with gcc 9.3.0

END.
