[02:50:14] [main/INFO]: Loading for game Minecraft 1.16.5
[02:50:15] [main/INFO]: [FabricLoader] Loading 63 mods: fabric-renderer-api-v1@0.4.1+ca58154a7d, fabric-keybindings-v0@0.2.1+ca58154a7d, fabricloader@0.11.2, bbor@2.4-1.16.3, fabric-structure-api-v1@1.1.4+ca58154a7d, lithium@0.6.4, fabric-containers-v0@0.1.11+9354966b7d, fabric-object-builder-api-v1@1.9.4+9354966b7d, fabric-dimensions-v1@2.0.6+9354966b7d, java@11, fabric-game-rule-api-v1@1.0.6+ca58154a7d, fabric-api-base@0.2.1+9354966b7d, fabric-rendering-data-attachment-v1@0.1.5+ca58154a7d, fabric-textures-v0@1.0.6+ca58154a7d, com_electronwill_night-config_core@3.6.3, randompatches@2.4.5-fabric, fabric-rendering-fluids-v1@0.1.13+ca58154a7d, fabric-blockrenderlayer-v1@1.1.5+ca58154a7d, fabric-lifecycle-events-v1@1.2.1+ca58154a7d, fabric-renderer-registries-v1@2.2.1+ca58154a7d, fabric-loot-tables-v1@1.0.2+ca58154a7d, carpet-extra@1.4.27, fabric@0.32.0+1.16, carpet@1.4.29, fabric-particles-v1@0.2.4+ca58154a7d, autoconfigtoml@1.0.0-fabric, fabric-networking-v0@0.3.2+ca58154a7d, fabric-api-lookup-api-v1@1.0.0+dc716ea17d, fabric-screen-handler-api-v1@1.1.5+9354966b7d, minecraft@1.16.5, fabric-networking-blockentity-v0@0.2.8+ca58154a7d, fabric-command-api-v1@1.1.0+f9b3753b7d, cloth-basic-math@0.5.1, javax_vecmath_vecmath@1.5.2, phosphor@0.7.1+build.11, cloth-utils-v1@1.4.5, fabric-screen-api-v1@1.0.0+c045166c7d, fabric-tool-attribute-api-v1@1.2.6+ca58154a7d, fabric-renderer-indigo@0.4.4+ca58154a7d, com_electronwill_night-config_toml@3.6.3, fabric-item-api-v1@1.2.1+ca58154a7d, fabric-events-interaction-v0@0.4.2+ca58154a7d, fabric-crash-report-info-v1@0.1.3+ca58154a7d, fabric-entity-events-v1@1.0.3+ca58154a7d, fabric-rendering-v0@1.1.2+ca58154a7d, fabric-rendering-v1@1.5.1+ca58154a7d, fabric-key-binding-api-v1@1.0.4+9354966b7d, cloth-config2@4.8.3, fabric-resource-loader-v0@0.4.2+ca58154a7d, autoconfig1u@3.3.1, fabric-content-registries-v0@0.2.1+ca58154a7d, fabric-tag-extensions-v0@1.1.1+ca58154a7d, blue_endless_jankson@1.2.0, fabric-biome-api-v1@3.1.1+ca58154a7d, computercraft@1.91.2, fabric-registry-sync-v0@0.7.4+ca58154a7d, fabric-commands-v0@0.2.2+ca58154a7d, fabric-mining-levels-v0@0.1.3+ca58154a7d, fabric-networking-api-v1@1.0.1+ca58154a7d, fabric-events-lifecycle-v0@0.2.1+ca58154a7d, fabric-item-groups-v0@0.2.3+ca58154a7d, fabric-models-v0@0.2.1+ca58154a7d, fabric-object-builders-v0@0.7.2+ca58154a7d
[02:50:15] [main/INFO]: SpongePowered MIXIN Subsystem Version=0.8.2 Source=file:/home/ubuntu/maicra/fabric-server-launch.jar Service=Knot/Fabric Env=SERVER
[02:50:18] [main/WARN]: @Mixin target net/minecraft/class_3898$class_3208 is public in fabric-networking-[02:50:29] [main/INFO]: Environment: authHost='https://authserver.mojang.com', accountsHost='https://api.mojang.com', sessionHost='https://sessionserver.mojang.com', servicesHost='https://api.minecraftservices.com', name='PROD'
[02:50:30] [main/WARN]: Ambiguity between arguments [teleport, destination] and [teleport, targets] with inputs: [Player, 0123, @e, dd12be42-52a9-4a91-a8a1-11c01849e498]
[02:50:30] [main/WARN]: Ambiguity between arguments [teleport, location] and [teleport, destination] with inputs: [0.1 -0.5 .9, 0 0 0]
[02:50:30] [main/WARN]: Ambiguity between arguments [teleport, location] and [teleport, targets] with inputs: [0.1 -0.5 .9, 0 0 0]
[02:50:30] [main/WARN]: Ambiguity between arguments [teleport, targets] and [teleport, destination] with inputs: [Player, 0123, dd12be42-52a9-4a91-a8a1-11c01849e498]
[02:50:30] [main/WARN]: Ambiguity between arguments [teleport, targets, location] and [teleport, targets, destination] with inputs: [0.1 -0.5 .9, 0 0 0]
[02:50:30] [main/INFO]: Reloading ResourceManager: Default, graves v2.8.0.zip, Home datapack v1.4.2, tpa v2.3.0.zip, Fabric Mods (Fabric Tool Attribute API (v1), CC:T for Fabric)
[02:50:33] [Worker-Main-2/INFO]: Loaded 7 recipes
[02:50:34] [Worker-Main-2/INFO]: Loaded 1045 advancements
[02:50:36] [main/INFO]: Applied 0 biome modifications to 0 of 79 new biomes in 2.827 ms
[02:50:36] [Server thread/INFO]: Starting minecraft server version 1.16.5
[02:50:36] [Server thread/INFO]: Loading properties
[02:50:36] [Server thread/INFO]: Default game type: SURVIVAL
[02:50:36] [Server thread/INFO]: Generating keypair
[02:50:36] [Server thread/INFO]: Starting Minecraft server on *:25565
[02:50:36] [Server thread/INFO]: Using epoll channel type
[02:50:37] [Server thread/WARN]: **** SERVER IS RUNNING IN OFFLINE/INSECURE MODE!
[02:50:37] [Server thread/WARN]: The server will make no attempt to authenticate usernames. Beware.
[02:50:37] [Server thread/WARN]: While this makes the game possible to play without internet access, it also opens up the ability for hackers to connect with any username they choose.
[02:50:37] [Server thread/WARN]: To change this, set "online-mode" to "true" in the server.properties file.
[02:50:37] [Server thread/INFO]: Preparing level "mundotrucha"
[02:50:37] [Server thread/INFO]: [CM]: loaded setting carpets as true from carpet.conf
[02:50:37] [Server thread/INFO]: [CM]: loaded setting stackableShulkerBoxes as true from carpet.conf
[02:50:37] [Server thread/INFO]: [CM]: loaded setting shulkerSpawningInEndCities as true from carpet.conf
[02:50:37] [Server thread/INFO]: [CM]: loaded setting hopperMinecartItemTransfer as true from carpet.conf
[02:50:37] [Server thread/INFO]: [CM]: loaded setting betterBonemeal as true from carpet.conf
[02:50:37] [Server thread/INFO]: [CM]: loaded setting renewableBlackstone as true from carpet.conf
[02:50:37] [Server thread/INFO]: [CM]: loaded setting onePlayerSleeping as true from carpet.conf
[02:50:37] [Server thread/INFO]: [CM]: loaded setting dispensersFeedAnimals as true from carpet.conf
[02:50:37] [Server thread/INFO]: [CM]: loaded setting optimizedTNT as true from carpet.conf
[02:50:37] [Server thread/INFO]: [CM]: loaded setting lightningKillsDropsFix as true from carpet.conf
[02:50:37] [Server thread/INFO]: [CM]: loaded setting flippinCactus as true from carpet.conf
[02:50:38] [Server thread/INFO]: create world dimension: minecraft:overworld (seed: 2709456112361443172)
[02:50:38] [Server thread/INFO]: create world dimension: minecraft:the_nether (seed: 2709456112361443172)
[02:50:38] [Server thread/INFO]: create world dimension: minecraft:the_end (seed: 2709456112361443172)
[02:50:38] [Server thread/INFO]: Preparing start region for dimension minecraft:overworld
[02:50:39] [Server thread/INFO]: Preparing spawn area: 0%
[02:50:39] [Server thread/INFO]: Preparing spawn area: 0%
[02:50:39] [Server thread/INFO]: Preparing spawn area: 0%
[02:50:39] [Server thread/INFO]: Preparing spawn area: 0%
[02:50:40] [Server thread/INFO]: Preparing spawn area: 0%
[02:50:40] [Server thread/INFO]: Preparing spawn area: 85%
[02:50:41] [Server thread/INFO]: Time elapsed: 2936 ms
[02:50:41] [Server thread/INFO]: Done (3.851s)! For help, type "help"
[02:50:41] [Server thread/INFO]: Starting remote control listener
[02:50:41] [Server thread/INFO]: Thread RCON Listener started
[02:50:41] [Server thread/INFO]: RCON running on 0.0.0.0:25575
[02:58:30] [Server thread/INFO]: jorge1b3[/186.112.2.118:55698] logged in with entity id 42 at (96.4750190149885, 15.0, -178.03503531067685)
[02:58:30] [Server thread/INFO]: jorge1b3 joined the game
[02:58:32] [Netty Epoll Server IO #2/INFO]: Player jorge1b3 joined with a matching carpet client
[02:58:33] [ComputerCraft-Computer-Runner-0/WARN]: Getting GenericMethods without a provider
[03:09:13] [Server thread/WARN]: Turtle has open container (net.minecraft.class_1723@4a7344d3)
[03:09:18] [Server thread/WARN]: Turtle has open container (net.minecraft.class_1723@28a9827a)
[03:09:24] [Server thread/WARN]: Turtle has open container (net.minecraft.class_1723@47c4bfea)
[03:09:30] [Server thread/WARN]: Turtle has open container (net.minecraft.class_1723@3b25fb0a)
[03:09:37] [Server thread/WARN]: Turtle has open container (net.minecraft.class_1723@36c08556)
[03:09:43] [Server thread/WARN]: Turtle has open container (net.minecraft.class_1723@6265ad3b)
[03:10:23] [Server thread/WARN]: Turtle has open container (net.minecraft.class_1723@d49cba2)
[03:18:20] [Server thread/INFO]: Alex[local] logged in with entity id 4858 at (137.4862729171261, 15.0, -197.11585817092555)
[03:18:20] [Server thread/INFO]: Alex joined the game
[03:22:42] [Server thread/INFO]: Alex was shot by Piglin
[03:22:42] [Server thread/INFO]: Alex lost connection: Alex died
[03:22:42] [Server thread/INFO]: Alex left the game
[03:23:07] [Server thread/INFO]: Alex[local] logged in with entity id 6868 at (133.2672366357637, 15.0, -197.90842212551155)
[03:23:07] [Server thread/INFO]: Alex joined the game
[03:23:12] [Server thread/INFO]: [jorge1b3: Set Alex's game mode to Creative Mode]
[03:24:48] [Server thread/INFO]: [jorge1b3: Gave 1 [block.computercraft.computer_normal] to jorge1b3]
[03:28:41] [Server thread/WARN]: Turtle has open container (net.minecraft.class_1723@36a7dc76)
[03:28:55] [Server thread/INFO]: [jorge1b3: Gave 1 [block.computercraft.computer_normal] to jorge1b3]
[03:29:11] [Server thread/INFO]: [jorge1b3: Gave 1 [block.computercraft.turtle_normal] to jorge1b3]
[03:29:25] [Server thread/INFO]: [jorge1b3: Gave 1 [Diamond Pickaxe] to jorge1b3]
[03:37:45] [Server thread/INFO]: jorge1b3 burned to death
[03:37:56] [Server thread/INFO]: [jorge1b3: Triggered [death_location]]
[03:39:42] [Server thread/INFO]: [jorge1b3: Gave 1 [block.computercraft.computer_normal] to jorge1b3]
[03:40:29] [Server thread/INFO]: [jorge1b3: Gave 1 [block.computercraft.turtle_normal] to jorge1b3]
[03:45:13] [Server thread/WARN]: Turtle has open container (net.minecraft.class_1723@241b542e)
[03:45:21] [Server thread/WARN]: Turtle has open container (net.minecraft.class_1723@69c2ece6)
[03:45:28] [Server thread/WARN]: Turtle has open container (net.minecraft.class_1723@3f4dc1be)
[03:45:33] [Server thread/WARN]: Turtle has open container (net.minecraft.class_1723@3fc57d9d)
[03:45:38] [Server thread/WARN]: Turtle has open container (net.minecraft.class_1723@39cd6085)
[03:45:52] [Server thread/WARN]: Turtle has open container (net.minecraft.class_1723@10970f8)
[04:04:05] [Server thread/INFO]: jorge1b3 burned to death
[04:04:22] [Server thread/INFO]: [jorge1b3: Triggered [death_location]]
[04:04:41] [Server thread/INFO]: [jorge1b3: Teleported jorge1b3 to 222.5, 15.0, -6.5]
[04:04:41] [Server thread/INFO]: Changing UUID of duplicate entity minecraft:entities/cow from 332005af-782f-4cfb-949a-8a6e6a49e851 to 3dd3a9c9-c87a-4cb3-bb9c-cc3bcd6eea94
[04:04:45] [Server thread/INFO]: [jorge1b3: Teleported jorge1b3 to 222.5, 15.0, -206.5]
[04:04:53] [Server thread/INFO]: jorge1b3 suffocated in a wall
[04:05:11] [Server thread/INFO]: [jorge1b3: Teleported jorge1b3 to 222.5, 15.0, -206.5]
[04:08:55] [Server thread/WARN]: Turtle has open container (net.minecraft.class_1723@71eff79a)
[04:11:09] [Server thread/INFO]: [jorge1b3: Applied effect Saturation to jorge1b3]
[04:11:17] [Server thread/INFO]: [jorge1b3: Applied effect Saturation to jorge1b3]
[04:17:03] [Server thread/WARN]: Turtle has open container (net.minecraft.class_1723@6e35d853)
[04:18:09] [Server thread/WARN]: Turtle has open container (net.minecraft.class_1723@7c5b3261)
[04:19:32] [Server thread/WARN]: Turtle has open container (net.minecraft.class_1723@5fed74b)
[04:20:06] [Server thread/WARN]: jorge1b3 moved wrongly!
[04:22:39] [Server thread/INFO]: [jorge1b3: Applied effect Saturation to jorge1b3]
[04:26:33] [Server thread/WARN]: Turtle has open container (net.minecraft.class_1723@73f05265)
[04:27:24] [Server thread/WARN]: Turtle has open container (net.minecraft.class_1723@3a690ff9)
[04:30:13] [Server thread/WARN]: Turtle has open container (net.minecraft.class_1723@2797054)
[04:30:27] [Server thread/WARN]: Turtle has open container (net.minecraft.class_1723@439b21b9)
[04:31:00] [Server thread/INFO]: [jorge1b3: Applied effect Saturation to jorge1b3]
[04:31:45] [Server thread/INFO]: [jorge1b3: Applied effect Saturation to jorge1b3]
[04:31:58] [Server thread/INFO]: [jorge1b3: Applied effect Saturation to jorge1b3]
[04:32:42] [Server thread/INFO]: [jorge1b3: Applied effect Saturation to jorge1b3]
[04:34:28] [Server thread/WARN]: Turtle has open container (net.minecraft.class_1723@3cef05ee)
[04:35:15] [Server thread/WARN]: Turtle has open container (net.minecraft.class_1723@78cf0f0b)
[04:35:30] [Server thread/INFO]: [jorge1b3: Set own game mode to Creative Mode]
[04:37:55] [Server thread/INFO]: [jorge1b3: Successfully filled 102 blocks]
[04:39:39] [Server thread/INFO]: [jorge1b3: Set own game mode to Spectator Mode]
[04:39:44] [Server thread/INFO]: [jorge1b3: Set own game mode to Survival Mode]
[04:39:59] [Server thread/WARN]: Turtle has open container (net.minecraft.class_1723@67fee963)
[04:49:07] [Server thread/WARN]: jorge1b3 moved wrongly!
[04:50:19] [Server thread/WARN]: Turtle has open container (net.minecraft.class_1723@5af8b7a2)
[04:53:00] [Server thread/INFO]: [jorge1b3: Set own game mode to Spectator Mode]
[04:55:51] [Server thread/INFO]: [jorge1b3: Set own game mode to Creative Mode]
[04:56:26] [Server thread/INFO]: jorge1b3 lost connection: Disconnected
[04:56:26] [Server thread/INFO]: jorge1b3 left the game
[04:56:44] [Server thread/INFO]: Stopping the server
[04:56:44] [Server thread/INFO]: Stopping server
[04:56:44] [Server thread/INFO]: Saving players
[04:56:44] [Server thread/INFO]: Saving worlds
[04:56:44] [Server thread/INFO]: Saving chunks for level 'ServerLevel[mundotrucha]'/minecraft:overworld
[04:56:44] [Server thread/INFO]: ThreadedAnvilChunkStorage (mundotrucha): All chunks are saved
[04:56:44] [Server thread/INFO]: Saving chunks for level 'ServerLevel[mundotrucha]'/minecraft:the_nether
[04:56:45] [Server thread/INFO]: ThreadedAnvilChunkStorage (DIM-1): All chunks are saved
[04:56:45] [Server thread/INFO]: Saving chunks for level 'ServerLevel[mundotrucha]'/minecraft:the_end
[04:56:45] [Server thread/INFO]: ThreadedAnvilChunkStorage (DIM1): All chunks are saved
[04:56:45] [Server thread/INFO]: ThreadedAnvilChunkStorage (mundotrucha): All chunks are saved
[04:56:45] [Server thread/INFO]: ThreadedAnvilChunkStorage (DIM-1): All chunks are saved
[04:56:45] [Server thread/INFO]: ThreadedAnvilChunkStorage (DIM1): All chunks are saved
[04:56:45] [Server thread/INFO]: Thread RCON Listener stopped
